ms 200 1 -t 5 
35010 55066 57888

//
segsites: 28
positions: 0.0193 0.0743 0.0978 0.1105 0.1128 0.1131 0.1776 0.1799 0.2226 0.2824 0.3146 0.5033 0.5245 0.5978 0.6252 0.7065 0.7161 0.7283 0.7518 0.7794 0.7921 0.8243 0.8524 0.8931 0.9334 0.9577 0.9599 0.9718 
0000000010100000100000111010
0000000010100100100000111010
0100110000000000010000000001
0000000010100000100000111010
0000100000000010010000000001
0000000010100000100000111010
1010000010100000100000111010
0000000010100000100000111010
0000100000000010010000000001
0100110000000000010100000001
0000000010100000100000111010
0000000010100100100000111010
0000000010100000100000111010
0000100000000000010000000001
0000100000000010010000000001
0000000010100000100000111010
0000000010100000100000111010
0000000010100000100000111010
0000000001000000010000000000
0000100000000010010000000001
0000100000000010011000000001
0000000110100000100000111010
0000000110100000100000111010
0000100000000010010000000001
0000000010110000100000111010
0000000010100000100000111010
0000000010100000100000111010
0000000010100000100000111010
0100110000000000010000000001
0000000010100000100000111010
0000000010100000100000111010
0000000010100000100000111010
0000100000000010010000000001
0100110000000000010000000001
0000000010100000100000111010
0000000010100100100000111010
0000000010100000100000111010
0000100000000000010000000001
0100110000000000010000000001
0000100000000010010000000001
0000100000000010010000000001
0000100000000000010000000001
0000000010100000100000111010
0000000010100000100000111010
0000000010100000100000111010
0100110000000000010001000001
0000000010100000100000111010
0000000010100000100000111010
0100110000000000010010000001
0000000110100000100000111010
0000000010100000100000111010
0000000010101000100000111010
0000000010100100100000111010
0100110000000000010010000001
0000100000000000010000000001
0000100000000010010000000001
0000100000000000010000000001
0000000010100000100000111010
0000000010100000100000111010
0000000010100000100000111010
0000100000000010010000000001
0000000010100000100000111010
0000000010100000100000111010
0000000010100100100000111010
0000000010100001100000111010
0000100000000000010000000001
0000100000000000010000000001
0000000010100001100000111010
0001100000000010010000000001
0000100000000000010000000001
0000100000000010010000000001
0000100000000010010000000001
0000100000000000010000000001
0000000010100000100000111110
0000000010100000100000111010
0000000010100000100000111010
0000100000000010010000000001
0000000110100000100000111010
0000000010100000100000111010
1010000010100000100000111010
0000000010100000100000111010
0000000010100000100000111010
0000100000000010010000000001
1010000010100000100000111010
0100110000000000010000000001
0000000010100000100000111010
0000000010100000100000111010
0000000010100000100000111010
0000000010100000100000111010
0000100000000000010000000001
0000000010100000100000111010
0000000010100000100000111010
0000100000000010010000000001
0000000010100000100000111010
0000000010100000100000111010
0000100000000010010000000001
0000000010100000100000111010
0100110000000000010000000001
0100110000000000010100000001
0000000010100000100000111010
0000100000000010010000000001
0000100000000010010000000001
0000100000000010010000000001
0000000010100000100000111010
0000100000000010010000000001
0000000010100000100000111010
0000000010100000100000111010
0000000001000000010000000000
0000000010100000100000111010
0000000010100000100000111010
0100110000000000010100000001
0000100000000000010000000001
0000000010100000100000111010
0000100000000010010000000001
0100110000000000010000000001
0000100000000010010000000001
0000001010100000100000111010
0000000010100100100000111010
0000000010100000100000111010
0100110000000000010000000001
0100110000000000010000000001
0000100000000000010000000001
0000000010100000100000111010
0000100000000010010000000001
0000000110100000100000111010
0000000010100100100000111010
0000000010100000100000111010
0100110000000000010000000001
0000100000000000010000000001
0000100000000010010000000001
0000000010100100100000111010
0000100000000010010000000001
0000000010100000100000111010
0000000110100000100000111010
0000000010100100100000111010
0000000010100000100000111010
0000100000000010010000000001
0000100000000010010000000001
0000100000000010010000000001
0000100000000000010000000001
0000000010100000100000111010
0000100000000010010000000001
0000000010101000100000111010
0000100000000010010000000001
0000100000000000010000000001
0000000010100000100000111010
0000000110100000100000111010
0000000010100000100000111010
0100110000000000010100000001
0000000010100000100000111010
0000100000000010010000000001
0100110000000000010000000001
0000100000000010010000000001
0000100000000000010000000001
0000100000000010010000000001
0000000010100100100000111010
0000000010100000100000111010
0000100000000010010000000001
0000000010100100100000111010
0000100000000010010000000001
0000100000000010010000000001
0000000010100100100000111010
0000000010100001100000111010
0000000010100000100000111010
0000000010100000100000111010
0000000010100000100000111010
0000100000000000010000000001
0000000010100100100000111010
0000100000000000010000000001
0000100000000000010000000001
0000100000000010010000000001
0000100000000010010000000001
0000000010100000100000111010
0000000010100000100000111010
0000000010100000100000111010
0100110000000000010000000001
0000100000000010010000000001
0000000110100000100000111010
0100110000000000010000000001
0000000110100000100000111010
0000000010100000100000111010
0100110000000000010000000001
0000000010100000100000111010
0000100000000010010000000001
0000001010100000100000111010
0000100000000000010000000001
0000100000000010010000000001
0000100000000010010000000001
0100110000000000010000000001
0100110000000000010000000001
0000000010100000100000111010
0100110000000000010100000001
0000000001000000010000000000
0000000010100000100000111010
0000000010100000100000111010
0000000010100000100000111010
0000000010100100100000111010
0100110000000000010100000001
0000000010100000100000111010
0000000010100000100000111010
